[15:41:16.151][info] [#0:/Users/noamprag/.local/share/nvim/mason/packages/lua-language-server/libexec/main.lua:66]: Lua Lsp startup, root: 	/Users/noamprag/.local/share/nvim/mason/packages/lua-language-server/libexec
[15:41:16.151][info] [#0:/Users/noamprag/.local/share/nvim/mason/packages/lua-language-server/libexec/main.lua:67]: ROOT:	/Users/noamprag/.local/share/nvim/mason/packages/lua-language-server/libexec
[15:41:16.151][info] [#0:/Users/noamprag/.local/share/nvim/mason/packages/lua-language-server/libexec/main.lua:68]: LOGPATH:	/Users/noamprag/.local/share/nvim/mason/packages/lua-language-server/libexec/log
[15:41:16.151][info] [#0:/Users/noamprag/.local/share/nvim/mason/packages/lua-language-server/libexec/main.lua:69]: METAPATH:	/Users/noamprag/.local/share/nvim/mason/packages/lua-language-server/libexec/meta
[15:41:16.152][info] [#0:/Users/noamprag/.local/share/nvim/mason/packages/lua-language-server/libexec/main.lua:70]: VERSION:	3.7.4
[15:41:16.183][info] [#0:script/service/service.lua:144]: 
========= Medical Examination Report =========
    --------------- Memory ---------------
        Total: 1.345 MB
        # 00 : 1.345 MB
        # 01 : 0.000 MB
        # 02 : 0.000 MB
        # 03 : 0.000 MB
        # 04 : 0.000 MB
    --------------- Coroutine ---------------
        Total:     0
        Running:   0
        Suspended: 0
        Normal:    0
        Dead:      0
    --------------- Cache ---------------
        Total: 1
        Dead:  0
    ---------------  RPC  ---------------
        Holdon:   0
        Waiting:  0
==============================================
[15:41:16.188][info] [#0:script/client.lua:657]: Client init	{
  capabilities = {
    textDocument = {
      callHierarchy = {
        dynamicRegistration = false
      },
      codeAction = {
        codeActionLiteralSupport = {
          codeActionKind = {
            valueSet = { "", "quickfix", "refactor", "refactor.extract", "refactor.inline", "refactor.rewrite", "source", "source.organizeImports" }
          }
        },
        dataSupport = true,
        dynamicRegistration = false,
        isPreferredSupport = true,
        resolveSupport = {
          properties = { "edit" }
        }
      },
      completion = {
        completionItem = {
          commitCharactersSupport = true,
          deprecatedSupport = true,
          documentationFormat = { "markdown", "plaintext" },
          insertReplaceSupport = true,
          labelDetailsSupport = true,
          preselectSupport = true,
          resolveSupport = {
            properties = { "documentation", "detail", "additionalTextEdits" }
          },
          snippetSupport = true,
          tagSupport = {
            valueSet = { 1 }
          }
        },
        completionItemKind = {
          valueSet = { 1, 2, 3, 4, 5, 6, 7, 8, 9, 10, 11, 12, 13, 14, 15, 16, 17, 18, 19, 20, 21, 22, 23, 24, 25 }
        },
        contextSupport = false,
        dynamicRegistration = false
      },
      declaration = {
        linkSupport = true
      },
      definition = {
        linkSupport = true
      },
      documentHighlight = {
        dynamicRegistration = false
      },
      documentSymbol = {
        dynamicRegistration = false,
        hierarchicalDocumentSymbolSupport = true,
        symbolKind = {
          valueSet = { 1, 2, 3, 4, 5, 6, 7, 8, 9, 10, 11, 12, 13, 14, 15, 16, 17, 18, 19, 20, 21, 22, 23, 24, 25, 26 }
        }
      },
      foldingRange = {
        dynamicRegistration = false,
        lineFoldingOnly = true
      },
      hover = {
        contentFormat = { "markdown", "plaintext" },
        dynamicRegistration = false
      },
      implementation = {
        linkSupport = true
      },
      publishDiagnostics = {
        relatedInformation = true,
        tagSupport = {
          valueSet = { 1, 2 }
        }
      },
      references = {
        dynamicRegistration = false
      },
      rename = {
        dynamicRegistration = false,
        prepareSupport = true
      },
      semanticTokens = {
        augmentsSyntaxTokens = true,
        dynamicRegistration = false,
        formats = { "relative" },
        multilineTokenSupport = false,
        overlappingTokenSupport = true,
        requests = {
          full = {
            delta = true
          },
          range = false
        },
        serverCancelSupport = false,
        tokenModifiers = { "declaration", "definition", "readonly", "static", "deprecated", "abstract", "async", "modification", "documentation", "defaultLibrary" },
        tokenTypes = { "namespace", "type", "class", "enum", "interface", "struct", "typeParameter", "parameter", "variable", "property", "enumMember", "event", "function", "method", "macro", "keyword", "modifier", "comment", "string", "number", "regexp", "operator", "decorator" }
      },
      signatureHelp = {
        dynamicRegistration = false,
        signatureInformation = {
          activeParameterSupport = true,
          documentationFormat = { "markdown", "plaintext" },
          parameterInformation = {
            labelOffsetSupport = true
          }
        }
      },
      synchronization = {
        didSave = true,
        dynamicRegistration = false,
        willSave = true,
        willSaveWaitUntil = true
      },
      typeDefinition = {
        linkSupport = true
      }
    },
    window = {
      showDocument = {
        support = true
      },
      showMessage = {
        messageActionItem = {
          additionalPropertiesSupport = false
        }
      },
      workDoneProgress = true
    },
    workspace = {
      applyEdit = true,
      configuration = true,
      didChangeWatchedFiles = {
        dynamicRegistration = false,
        relativePatternSupport = true
      },
      semanticTokens = {
        refreshSupport = true
      },
      symbol = {
        dynamicRegistration = false,
        hierarchicalWorkspaceSymbolSupport = true,
        symbolKind = {
          valueSet = { 1, 2, 3, 4, 5, 6, 7, 8, 9, 10, 11, 12, 13, 14, 15, 16, 17, 18, 19, 20, 21, 22, 23, 24, 25, 26 }
        }
      },
      workspaceEdit = {
        resourceOperations = { "rename", "create", "delete" }
      },
      workspaceFolders = true
    }
  },
  clientInfo = {
    name = "Neovim",
    version = "0.9.5"
  },
  initializationOptions = {},
  processId = 60480,
  rootPath = "/Users/noamprag/.local/share/nvim/lazy/alpha-nvim",
  rootUri = "file:///Users/noamprag/.local/share/nvim/lazy/alpha-nvim",
  trace = "off",
  workspaceFolders = { {
      name = "/Users/noamprag/.local/share/nvim/lazy/alpha-nvim",
      uri = "file:///Users/noamprag/.local/share/nvim/lazy/alpha-nvim"
    } }
}
[15:41:16.188][info] [#0:script/language.lua:137]: VSC language: nil
[15:41:16.188][info] [#0:script/language.lua:138]: LS  language: en-us
[15:41:16.188][info] [#0:script/workspace/workspace.lua:38]: Workspace init root: 	file:///Users/noamprag/.local/share/nvim/lazy/alpha-nvim
[15:41:16.188][info] [#0:script/workspace/workspace.lua:42]: Log path: 	/Users/noamprag/.local/share/nvim/mason/packages/lua-language-server/libexec/log/file_Users_noamprag_.local_share_nvim_lazy_alpha-nvim.log
[15:41:16.189][info] [#0:script/workspace/workspace.lua:48]: Workspace create: 	file:///Users/noamprag/.local/share/nvim/lazy/alpha-nvim
[15:41:16.296][info] [#0:script/provider/provider.lua:46]: Load config from client	file:///Users/noamprag/.local/share/nvim/lazy/alpha-nvim
[15:41:16.296][info] [#0:script/provider/provider.lua:47]: {
  Lua = {
    format = {
      enable = false
    },
    runtime = {
      path = { "?.lua", "?/init.lua" },
      pathStrict = true,
      version = "LuaJIT"
    },
    workspace = {
      checkThirdParty = false,
      ignoreDir = { "types/nightly", "lua" },
      library = { "/Users/noamprag/.local/share/nvim/lazy/neodev.nvim/types/stable", "/opt/homebrew/Cellar/neovim/0.9.5/share/nvim/runtime/lua", "/Users/noamprag/.local/share/nvim/lazy/neoconf.nvim/types", "/Users/noamprag/.local/share/nvim/lazy/neoconf.nvim/types/lua", "/Users/noamprag/.local/share/nvim/lazy/alpha-nvim/lua" }
    }
  }
}
[15:41:16.296][info] [#0:script/provider/provider.lua:46]: Load config from client	file:///Users/noamprag/.local/share/nvim/lazy/alpha-nvim
[15:41:16.296][info] [#0:script/provider/provider.lua:47]: {
  Lua = {
    format = {
      enable = false
    },
    runtime = {
      path = { "?.lua", "?/init.lua" },
      pathStrict = true,
      version = "LuaJIT"
    },
    workspace = {
      checkThirdParty = false,
      ignoreDir = { "types/nightly", "lua" },
      library = { "/Users/noamprag/.local/share/nvim/lazy/neodev.nvim/types/stable", "/opt/homebrew/Cellar/neovim/0.9.5/share/nvim/runtime/lua", "/Users/noamprag/.local/share/nvim/lazy/neoconf.nvim/types", "/Users/noamprag/.local/share/nvim/lazy/neoconf.nvim/types/lua", "/Users/noamprag/.local/share/nvim/lazy/alpha-nvim/lua" }
    }
  }
}
[15:41:16.297][info] [#0:script/provider/provider.lua:61]: Load config from client	fallback
[15:41:16.297][info] [#0:script/provider/provider.lua:62]: {
  Lua = {
    format = {
      enable = false
    },
    runtime = {
      path = { "?.lua", "?/init.lua" },
      pathStrict = true,
      version = "LuaJIT"
    },
    workspace = {
      checkThirdParty = false,
      ignoreDir = { "types/nightly", "lua" },
      library = { "/Users/noamprag/.local/share/nvim/lazy/neodev.nvim/types/stable", "/opt/homebrew/Cellar/neovim/0.9.5/share/nvim/runtime/lua", "/Users/noamprag/.local/share/nvim/lazy/neoconf.nvim/types", "/Users/noamprag/.local/share/nvim/lazy/neoconf.nvim/types/lua", "/Users/noamprag/.local/share/nvim/lazy/alpha-nvim/lua" }
    }
  }
}
[15:41:16.297][info] [#0:script/provider/provider.lua:61]: Load config from client	fallback
[15:41:16.297][info] [#0:script/provider/provider.lua:62]: {
  Lua = {
    format = {
      enable = false
    },
    runtime = {
      path = { "?.lua", "?/init.lua" },
      pathStrict = true,
      version = "LuaJIT"
    },
    workspace = {
      checkThirdParty = false,
      ignoreDir = { "types/nightly", "lua" },
      library = { "/Users/noamprag/.local/share/nvim/lazy/neodev.nvim/types/stable", "/opt/homebrew/Cellar/neovim/0.9.5/share/nvim/runtime/lua", "/Users/noamprag/.local/share/nvim/lazy/neoconf.nvim/types", "/Users/noamprag/.local/share/nvim/lazy/neoconf.nvim/types/lua", "/Users/noamprag/.local/share/nvim/lazy/alpha-nvim/lua" }
    }
  }
}
[15:41:16.399][info] [#0:script/library.lua:212]: Init builtin library at:	file:///Users/noamprag/.local/share/nvim/lazy/alpha-nvim
[15:41:16.425][info] [#0:script/plugin.lua:86]: plugin path:	/Users/noamprag/.local/share/nvim/lazy/alpha-nvim
[15:41:16.425][warn] [#0:script/plugin.lua:101]: plugin not found:	/Users/noamprag/.local/share/nvim/lazy/alpha-nvim
[15:41:16.425][info] [#0:script/library.lua:212]: Init builtin library at:	nil
[15:41:16.538][info] [#0:script/workspace/workspace.lua:324]: Preload start:	file:///Users/noamprag/.local/share/nvim/lazy/alpha-nvim
[15:41:16.543][info] [#0:script/workspace/workspace.lua:330]: Scan files at:	file:///Users/noamprag/.local/share/nvim/lazy/alpha-nvim
[15:41:16.544][info] [#0:script/workspace/workspace.lua:324]: Preload start:	<fallback>
[15:41:16.548][info] [#0:script/workspace/workspace.lua:353]: Scan library at:	file:///Users/noamprag/.local/share/nvim/mason/packages/lua-language-server/libexec/meta/LuaJIT%20en-us%20utf8/math.lua
[15:41:16.550][info] [#0:script/workspace/workspace.lua:353]: Scan library at:	file:///Users/noamprag/.local/share/nvim/mason/packages/lua-language-server/libexec/meta/LuaJIT%20en-us%20utf8/basic.lua
[15:41:16.550][info] [#0:script/workspace/workspace.lua:353]: Scan library at:	file:///Users/noamprag/.local/share/nvim/mason/packages/lua-language-server/libexec/meta/LuaJIT%20en-us%20utf8/jit.lua
[15:41:16.550][info] [#0:script/workspace/workspace.lua:353]: Scan library at:	file:///Users/noamprag/.local/share/nvim/mason/packages/lua-language-server/libexec/meta/LuaJIT%20en-us%20utf8/table.lua
[15:41:16.550][info] [#0:script/workspace/workspace.lua:353]: Scan library at:	file:///Users/noamprag/.local/share/nvim/mason/packages/lua-language-server/libexec/meta/LuaJIT%20en-us%20utf8/io.lua
[15:41:16.550][info] [#0:script/workspace/workspace.lua:353]: Scan library at:	file:///Users/noamprag/.local/share/nvim/lazy/alpha-nvim/lua
[15:41:16.551][info] [#0:script/workspace/workspace.lua:353]: Scan library at:	file:///Users/noamprag/.local/share/nvim/mason/packages/lua-language-server/libexec/meta/LuaJIT%20en-us%20utf8/math.lua
[15:41:16.551][info] [#0:script/workspace/workspace.lua:353]: Scan library at:	file:///opt/homebrew/Cellar/neovim/0.9.5/share/nvim/runtime/lua
[15:41:16.552][info] [#0:script/workspace/workspace.lua:353]: Scan library at:	file:///Users/noamprag/.local/share/nvim/mason/packages/lua-language-server/libexec/meta/LuaJIT%20en-us%20utf8/basic.lua
[15:41:16.552][info] [#0:script/workspace/workspace.lua:353]: Scan library at:	file:///Users/noamprag/.local/share/nvim/mason/packages/lua-language-server/libexec/meta/LuaJIT%20en-us%20utf8/jit.lua
[15:41:16.552][info] [#0:script/workspace/workspace.lua:353]: Scan library at:	file:///Users/noamprag/.local/share/nvim/mason/packages/lua-language-server/libexec/meta/LuaJIT%20en-us%20utf8/table.lua
[15:41:16.552][info] [#0:script/workspace/workspace.lua:353]: Scan library at:	file:///Users/noamprag/.local/share/nvim/mason/packages/lua-language-server/libexec/meta/LuaJIT%20en-us%20utf8/io.lua
[15:41:16.553][info] [#0:script/workspace/workspace.lua:353]: Scan library at:	file:///Users/noamprag/.local/share/nvim/lazy/alpha-nvim/lua
[15:41:16.553][info] [#0:script/workspace/workspace.lua:353]: Scan library at:	file:///opt/homebrew/Cellar/neovim/0.9.5/share/nvim/runtime/lua
[15:41:16.558][info] [#0:script/workspace/workspace.lua:353]: Scan library at:	file:///Users/noamprag/.local/share/nvim/mason/packages/lua-language-server/libexec/meta/LuaJIT%20en-us%20utf8/bit.lua
[15:41:16.558][info] [#0:script/workspace/workspace.lua:353]: Scan library at:	file:///Users/noamprag/.local/share/nvim/lazy/neoconf.nvim/types/lua
[15:41:16.559][info] [#0:script/workspace/workspace.lua:353]: Scan library at:	file:///Users/noamprag/.local/share/nvim/mason/packages/lua-language-server/libexec/meta/LuaJIT%20en-us%20utf8/table/new.lua
[15:41:16.559][info] [#0:script/workspace/workspace.lua:353]: Scan library at:	file:///Users/noamprag/.local/share/nvim/mason/packages/lua-language-server/libexec/meta/LuaJIT%20en-us%20utf8/jit/util.lua
[15:41:16.559][info] [#0:script/workspace/workspace.lua:353]: Scan library at:	file:///Users/noamprag/.local/share/nvim/mason/packages/lua-language-server/libexec/meta/LuaJIT%20en-us%20utf8/coroutine.lua
[15:41:16.559][info] [#0:script/workspace/workspace.lua:353]: Scan library at:	file:///Users/noamprag/.local/share/nvim/mason/packages/lua-language-server/libexec/meta/LuaJIT%20en-us%20utf8/jit/profile.lua
[15:41:16.559][info] [#0:script/workspace/workspace.lua:353]: Scan library at:	file:///Users/noamprag/.local/share/nvim/mason/packages/lua-language-server/libexec/meta/LuaJIT%20en-us%20utf8/debug.lua
[15:41:16.559][info] [#0:script/workspace/workspace.lua:353]: Scan library at:	file:///Users/noamprag/.local/share/nvim/mason/packages/lua-language-server/libexec/meta/LuaJIT%20en-us%20utf8/ffi.lua
[15:41:16.559][info] [#0:script/workspace/workspace.lua:353]: Scan library at:	file:///Users/noamprag/.local/share/nvim/mason/packages/lua-language-server/libexec/meta/LuaJIT%20en-us%20utf8/string.lua
[15:41:16.559][info] [#0:script/workspace/workspace.lua:353]: Scan library at:	file:///Users/noamprag/.local/share/nvim/mason/packages/lua-language-server/libexec/meta/LuaJIT%20en-us%20utf8/string/buffer.lua
[15:41:16.559][info] [#0:script/workspace/workspace.lua:353]: Scan library at:	file:///Users/noamprag/.local/share/nvim/lazy/neodev.nvim/types/stable
[15:41:16.560][info] [#0:script/workspace/workspace.lua:353]: Scan library at:	file:///Users/noamprag/.local/share/nvim/mason/packages/lua-language-server/libexec/meta/LuaJIT%20en-us%20utf8/bit.lua
[15:41:16.560][info] [#0:script/workspace/workspace.lua:353]: Scan library at:	file:///Users/noamprag/.local/share/nvim/lazy/neoconf.nvim/types/lua
[15:41:16.560][info] [#0:script/workspace/workspace.lua:353]: Scan library at:	file:///Users/noamprag/.local/share/nvim/mason/packages/lua-language-server/libexec/meta/LuaJIT%20en-us%20utf8/table/new.lua
[15:41:16.560][info] [#0:script/workspace/workspace.lua:353]: Scan library at:	file:///Users/noamprag/.local/share/nvim/mason/packages/lua-language-server/libexec/meta/LuaJIT%20en-us%20utf8/jit/util.lua
[15:41:16.560][info] [#0:script/workspace/workspace.lua:353]: Scan library at:	file:///Users/noamprag/.local/share/nvim/mason/packages/lua-language-server/libexec/meta/LuaJIT%20en-us%20utf8/coroutine.lua
[15:41:16.561][info] [#0:script/workspace/workspace.lua:353]: Scan library at:	file:///Users/noamprag/.local/share/nvim/mason/packages/lua-language-server/libexec/meta/LuaJIT%20en-us%20utf8/jit/profile.lua
[15:41:16.561][info] [#0:script/workspace/workspace.lua:353]: Scan library at:	file:///Users/noamprag/.local/share/nvim/mason/packages/lua-language-server/libexec/meta/LuaJIT%20en-us%20utf8/debug.lua
[15:41:16.561][info] [#0:script/workspace/workspace.lua:353]: Scan library at:	file:///Users/noamprag/.local/share/nvim/mason/packages/lua-language-server/libexec/meta/LuaJIT%20en-us%20utf8/ffi.lua
[15:41:16.561][info] [#0:script/workspace/workspace.lua:353]: Scan library at:	file:///Users/noamprag/.local/share/nvim/mason/packages/lua-language-server/libexec/meta/LuaJIT%20en-us%20utf8/string.lua
[15:41:16.561][info] [#0:script/workspace/workspace.lua:353]: Scan library at:	file:///Users/noamprag/.local/share/nvim/mason/packages/lua-language-server/libexec/meta/LuaJIT%20en-us%20utf8/string/buffer.lua
[15:41:16.561][info] [#0:script/workspace/workspace.lua:353]: Scan library at:	file:///Users/noamprag/.local/share/nvim/lazy/neodev.nvim/types/stable
[15:41:16.561][info] [#0:script/workspace/workspace.lua:353]: Scan library at:	file:///Users/noamprag/.local/share/nvim/mason/packages/lua-language-server/libexec/meta/LuaJIT%20en-us%20utf8/os.lua
[15:41:16.562][info] [#0:script/workspace/workspace.lua:353]: Scan library at:	file:///Users/noamprag/.local/share/nvim/mason/packages/lua-language-server/libexec/meta/LuaJIT%20en-us%20utf8/table/clear.lua
[15:41:16.562][info] [#0:script/workspace/workspace.lua:353]: Scan library at:	file:///Users/noamprag/.local/share/nvim/mason/packages/lua-language-server/libexec/meta/LuaJIT%20en-us%20utf8/builtin.lua
[15:41:16.562][info] [#0:script/workspace/workspace.lua:353]: Scan library at:	file:///Users/noamprag/.local/share/nvim/lazy/neoconf.nvim/types
[15:41:16.562][info] [#0:script/workspace/workspace.lua:353]: Scan library at:	file:///Users/noamprag/.local/share/nvim/mason/packages/lua-language-server/libexec/meta/LuaJIT%20en-us%20utf8/package.lua
[15:41:16.562][info] [#0:script/workspace/workspace.lua:353]: Scan library at:	file:///Users/noamprag/.local/share/nvim/mason/packages/lua-language-server/libexec/meta/LuaJIT%20en-us%20utf8/os.lua
[15:41:16.562][info] [#0:script/workspace/workspace.lua:353]: Scan library at:	file:///Users/noamprag/.local/share/nvim/mason/packages/lua-language-server/libexec/meta/LuaJIT%20en-us%20utf8/table/clear.lua
[15:41:16.562][info] [#0:script/workspace/workspace.lua:353]: Scan library at:	file:///Users/noamprag/.local/share/nvim/mason/packages/lua-language-server/libexec/meta/LuaJIT%20en-us%20utf8/builtin.lua
[15:41:16.562][info] [#0:script/workspace/workspace.lua:353]: Scan library at:	file:///Users/noamprag/.local/share/nvim/lazy/neoconf.nvim/types
[15:41:16.562][info] [#0:script/workspace/workspace.lua:353]: Scan library at:	file:///Users/noamprag/.local/share/nvim/mason/packages/lua-language-server/libexec/meta/LuaJIT%20en-us%20utf8/package.lua
[15:41:16.668][info] [#0:script/workspace/workspace.lua:379]: Found 89 files at:	<fallback>
[15:41:16.668][info] [#0:script/workspace/loading.lua:161]: Load files from disk:	<fallback>
[15:41:16.668][info] [#0:script/workspace/workspace.lua:379]: Found 91 files at:	file:///Users/noamprag/.local/share/nvim/lazy/alpha-nvim
[15:41:16.668][info] [#0:script/workspace/loading.lua:161]: Load files from disk:	file:///Users/noamprag/.local/share/nvim/lazy/alpha-nvim
[15:41:16.669][info] [#0:script/workspace/loading.lua:101]: Preload file at: file:///Users/noamprag/.local/share/nvim/mason/packages/lua-language-server/libexec/meta/LuaJIT%20en-us%20utf8/package.lua , size = 2.699 KB
[15:41:16.673][info] [#0:script/workspace/loading.lua:113]: ++++As library of:	file:///Users/noamprag/.local/share/nvim/mason/packages/lua-language-server/libexec/meta/LuaJIT%20en-us%20utf8/package.lua
[15:41:16.673][info] [#0:script/workspace/loading.lua:98]: Skip loaded file: file:///Users/noamprag/.local/share/nvim/mason/packages/lua-language-server/libexec/meta/LuaJIT%20en-us%20utf8/package.lua
[15:41:16.675][info] [#0:script/workspace/loading.lua:101]: Preload file at: file:///Users/noamprag/.local/share/nvim/lazy/neoconf.nvim/types/lsp.lua , size = 473.676 KB
[15:41:16.798][info] [#0:script/workspace/loading.lua:113]: ++++As library of:	file:///Users/noamprag/.local/share/nvim/lazy/neoconf.nvim/types
[15:41:16.798][info] [#0:script/workspace/loading.lua:98]: Skip loaded file: file:///Users/noamprag/.local/share/nvim/lazy/neoconf.nvim/types/lsp.lua
[15:41:16.798][info] [#0:script/workspace/loading.lua:101]: Preload file at: file:///Users/noamprag/.local/share/nvim/mason/packages/lua-language-server/libexec/meta/LuaJIT%20en-us%20utf8/builtin.lua , size = 0.302 KB
[15:41:16.798][info] [#0:script/workspace/loading.lua:113]: ++++As library of:	file:///Users/noamprag/.local/share/nvim/mason/packages/lua-language-server/libexec/meta/LuaJIT%20en-us%20utf8/builtin.lua
[15:41:16.798][info] [#0:script/workspace/loading.lua:98]: Skip loaded file: file:///Users/noamprag/.local/share/nvim/mason/packages/lua-language-server/libexec/meta/LuaJIT%20en-us%20utf8/builtin.lua
[15:41:16.798][info] [#0:script/workspace/loading.lua:101]: Preload file at: file:///Users/noamprag/.local/share/nvim/mason/packages/lua-language-server/libexec/meta/LuaJIT%20en-us%20utf8/table/clear.lua , size = 0.797 KB
[15:41:16.799][info] [#0:script/workspace/loading.lua:113]: ++++As library of:	file:///Users/noamprag/.local/share/nvim/mason/packages/lua-language-server/libexec/meta/LuaJIT%20en-us%20utf8/table/clear.lua
[15:41:16.799][info] [#0:script/workspace/loading.lua:98]: Skip loaded file: file:///Users/noamprag/.local/share/nvim/mason/packages/lua-language-server/libexec/meta/LuaJIT%20en-us%20utf8/table/clear.lua
[15:41:16.799][info] [#0:script/workspace/loading.lua:101]: Preload file at: file:///Users/noamprag/.local/share/nvim/mason/packages/lua-language-server/libexec/meta/LuaJIT%20en-us%20utf8/os.lua , size = 5.600 KB
[15:41:16.800][info] [#0:script/workspace/loading.lua:113]: ++++As library of:	file:///Users/noamprag/.local/share/nvim/mason/packages/lua-language-server/libexec/meta/LuaJIT%20en-us%20utf8/os.lua
[15:41:16.800][info] [#0:script/workspace/loading.lua:98]: Skip loaded file: file:///Users/noamprag/.local/share/nvim/mason/packages/lua-language-server/libexec/meta/LuaJIT%20en-us%20utf8/os.lua
[15:41:16.800][info] [#0:script/workspace/loading.lua:101]: Preload file at: file:///Users/noamprag/.local/share/nvim/lazy/neodev.nvim/types/stable/lua.lua , size = 10.664 KB
[15:41:16.802][info] [#0:script/workspace/loading.lua:113]: ++++As library of:	file:///Users/noamprag/.local/share/nvim/lazy/neodev.nvim/types/stable
[15:41:16.802][info] [#0:script/workspace/loading.lua:98]: Skip loaded file: file:///Users/noamprag/.local/share/nvim/lazy/neodev.nvim/types/stable/lua.lua
[15:41:16.802][info] [#0:script/workspace/loading.lua:101]: Preload file at: file:///Users/noamprag/.local/share/nvim/lazy/neodev.nvim/types/stable/vim.lua , size = 0.927 KB
[15:41:16.803][info] [#0:script/workspace/loading.lua:113]: ++++As library of:	file:///Users/noamprag/.local/share/nvim/lazy/neodev.nvim/types/stable
[15:41:16.803][info] [#0:script/workspace/loading.lua:98]: Skip loaded file: file:///Users/noamprag/.local/share/nvim/lazy/neodev.nvim/types/stable/vim.lua
[15:41:16.803][info] [#0:script/workspace/loading.lua:101]: Preload file at: file:///Users/noamprag/.local/share/nvim/lazy/neodev.nvim/types/stable/uv.lua , size = 128.717 KB
[15:41:16.838][info] [#0:script/workspace/loading.lua:113]: ++++As library of:	file:///Users/noamprag/.local/share/nvim/lazy/neodev.nvim/types/stable
[15:41:16.838][info] [#0:script/workspace/loading.lua:98]: Skip loaded file: file:///Users/noamprag/.local/share/nvim/lazy/neodev.nvim/types/stable/uv.lua
[15:41:16.838][info] [#0:script/workspace/loading.lua:101]: Preload file at: file:///Users/noamprag/.local/share/nvim/lazy/neodev.nvim/types/stable/options.3.lua , size = 110.647 KB
[15:41:16.858][info] [#0:script/workspace/loading.lua:113]: ++++As library of:	file:///Users/noamprag/.local/share/nvim/lazy/neodev.nvim/types/stable
[15:41:16.858][info] [#0:script/workspace/loading.lua:98]: Skip loaded file: file:///Users/noamprag/.local/share/nvim/lazy/neodev.nvim/types/stable/options.3.lua
[15:41:16.858][info] [#0:script/workspace/loading.lua:101]: Preload file at: file:///Users/noamprag/.local/share/nvim/lazy/neodev.nvim/types/stable/options.2.lua , size = 201.602 KB
[15:41:16.904][info] [#0:script/workspace/loading.lua:113]: ++++As library of:	file:///Users/noamprag/.local/share/nvim/lazy/neodev.nvim/types/stable
[15:41:16.904][info] [#0:script/workspace/loading.lua:98]: Skip loaded file: file:///Users/noamprag/.local/share/nvim/lazy/neodev.nvim/types/stable/options.2.lua
[15:41:16.904][info] [#0:script/workspace/loading.lua:101]: Preload file at: file:///Users/noamprag/.local/share/nvim/lazy/neodev.nvim/types/stable/options.1.lua , size = 201.646 KB
[15:41:16.934][info] [#0:script/workspace/loading.lua:113]: ++++As library of:	file:///Users/noamprag/.local/share/nvim/lazy/neodev.nvim/types/stable
[15:41:16.934][info] [#0:script/workspace/loading.lua:98]: Skip loaded file: file:///Users/noamprag/.local/share/nvim/lazy/neodev.nvim/types/stable/options.1.lua
[15:41:16.934][info] [#0:script/workspace/loading.lua:101]: Preload file at: file:///Users/noamprag/.local/share/nvim/lazy/neodev.nvim/types/stable/vim.fn.1.lua , size = 156.841 KB
[15:41:16.959][info] [#0:script/workspace/loading.lua:113]: ++++As library of:	file:///Users/noamprag/.local/share/nvim/lazy/neodev.nvim/types/stable
[15:41:16.959][info] [#0:script/workspace/loading.lua:98]: Skip loaded file: file:///Users/noamprag/.local/share/nvim/lazy/neodev.nvim/types/stable/vim.fn.1.lua
[15:41:16.959][info] [#0:script/workspace/loading.lua:101]: Preload file at: file:///Users/noamprag/.local/share/nvim/lazy/neodev.nvim/types/stable/vim.fn.lua , size = 201.906 KB
[15:41:17.000][info] [#0:script/workspace/loading.lua:113]: ++++As library of:	file:///Users/noamprag/.local/share/nvim/lazy/neodev.nvim/types/stable
[15:41:17.000][info] [#0:script/workspace/loading.lua:98]: Skip loaded file: file:///Users/noamprag/.local/share/nvim/lazy/neodev.nvim/types/stable/vim.fn.lua
[15:41:17.000][info] [#0:script/workspace/loading.lua:101]: Preload file at: file:///Users/noamprag/.local/share/nvim/lazy/neodev.nvim/types/stable/cmd.lua , size = 67.397 KB
[15:41:17.021][info] [#0:script/workspace/loading.lua:113]: ++++As library of:	file:///Users/noamprag/.local/share/nvim/lazy/neodev.nvim/types/stable
[15:41:17.021][info] [#0:script/workspace/loading.lua:98]: Skip loaded file: file:///Users/noamprag/.local/share/nvim/lazy/neodev.nvim/types/stable/cmd.lua
[15:41:17.021][info] [#0:script/workspace/loading.lua:101]: Preload file at: file:///Users/noamprag/.local/share/nvim/lazy/neodev.nvim/types/stable/options.lua , size = 200.279 KB
[15:41:17.046][info] [#0:script/workspace/loading.lua:113]: ++++As library of:	file:///Users/noamprag/.local/share/nvim/lazy/neodev.nvim/types/stable
[15:41:17.046][info] [#0:script/workspace/loading.lua:98]: Skip loaded file: file:///Users/noamprag/.local/share/nvim/lazy/neodev.nvim/types/stable/options.lua
[15:41:17.046][info] [#0:script/workspace/loading.lua:101]: Preload file at: file:///Users/noamprag/.local/share/nvim/lazy/neodev.nvim/types/stable/api.lua , size = 109.905 KB
[15:41:17.065][info] [#0:script/workspace/loading.lua:113]: ++++As library of:	file:///Users/noamprag/.local/share/nvim/lazy/neodev.nvim/types/stable
[15:41:17.065][info] [#0:script/workspace/loading.lua:98]: Skip loaded file: file:///Users/noamprag/.local/share/nvim/lazy/neodev.nvim/types/stable/api.lua
[15:41:17.065][info] [#0:script/workspace/loading.lua:101]: Preload file at: file:///Users/noamprag/.local/share/nvim/lazy/neodev.nvim/types/stable/alias.lua , size = 0.217 KB
[15:41:17.065][info] [#0:script/workspace/loading.lua:113]: ++++As library of:	file:///Users/noamprag/.local/share/nvim/lazy/neodev.nvim/types/stable
[15:41:17.065][info] [#0:script/workspace/loading.lua:98]: Skip loaded file: file:///Users/noamprag/.local/share/nvim/lazy/neodev.nvim/types/stable/alias.lua
[15:41:17.065][info] [#0:script/workspace/loading.lua:101]: Preload file at: file:///Users/noamprag/.local/share/nvim/mason/packages/lua-language-server/libexec/meta/LuaJIT%20en-us%20utf8/string/buffer.lua , size = 18.123 KB
[15:41:17.068][info] [#0:script/workspace/loading.lua:113]: ++++As library of:	file:///Users/noamprag/.local/share/nvim/mason/packages/lua-language-server/libexec/meta/LuaJIT%20en-us%20utf8/string/buffer.lua
[15:41:17.068][info] [#0:script/workspace/loading.lua:98]: Skip loaded file: file:///Users/noamprag/.local/share/nvim/mason/packages/lua-language-server/libexec/meta/LuaJIT%20en-us%20utf8/string/buffer.lua
[15:41:17.068][info] [#0:script/workspace/loading.lua:101]: Preload file at: file:///Users/noamprag/.local/share/nvim/mason/packages/lua-language-server/libexec/meta/LuaJIT%20en-us%20utf8/string.lua , size = 6.323 KB
[15:41:17.070][info] [#0:script/workspace/loading.lua:113]: ++++As library of:	file:///Users/noamprag/.local/share/nvim/mason/packages/lua-language-server/libexec/meta/LuaJIT%20en-us%20utf8/string.lua
[15:41:17.070][info] [#0:script/workspace/loading.lua:98]: Skip loaded file: file:///Users/noamprag/.local/share/nvim/mason/packages/lua-language-server/libexec/meta/LuaJIT%20en-us%20utf8/string.lua
[15:41:17.070][info] [#0:script/workspace/loading.lua:101]: Preload file at: file:///Users/noamprag/.local/share/nvim/mason/packages/lua-language-server/libexec/meta/LuaJIT%20en-us%20utf8/ffi.lua , size = 2.529 KB
[15:41:17.072][info] [#0:script/workspace/loading.lua:113]: ++++As library of:	file:///Users/noamprag/.local/share/nvim/mason/packages/lua-language-server/libexec/meta/LuaJIT%20en-us%20utf8/ffi.lua
[15:41:17.072][info] [#0:script/workspace/loading.lua:98]: Skip loaded file: file:///Users/noamprag/.local/share/nvim/mason/packages/lua-language-server/libexec/meta/LuaJIT%20en-us%20utf8/ffi.lua
[15:41:17.072][info] [#0:script/workspace/loading.lua:101]: Preload file at: file:///Users/noamprag/.local/share/nvim/mason/packages/lua-language-server/libexec/meta/LuaJIT%20en-us%20utf8/debug.lua , size = 7.310 KB
[15:41:17.075][info] [#0:script/workspace/loading.lua:113]: ++++As library of:	file:///Users/noamprag/.local/share/nvim/mason/packages/lua-language-server/libexec/meta/LuaJIT%20en-us%20utf8/debug.lua
[15:41:17.075][info] [#0:script/workspace/loading.lua:98]: Skip loaded file: file:///Users/noamprag/.local/share/nvim/mason/packages/lua-language-server/libexec/meta/LuaJIT%20en-us%20utf8/debug.lua
[15:41:17.075][info] [#0:script/workspace/loading.lua:101]: Preload file at: file:///Users/noamprag/.local/share/nvim/mason/packages/lua-language-server/libexec/meta/LuaJIT%20en-us%20utf8/jit/profile.lua , size = 0.348 KB
[15:41:17.075][info] [#0:script/workspace/loading.lua:113]: ++++As library of:	file:///Users/noamprag/.local/share/nvim/mason/packages/lua-language-server/libexec/meta/LuaJIT%20en-us%20utf8/jit/profile.lua
[15:41:17.075][info] [#0:script/workspace/loading.lua:98]: Skip loaded file: file:///Users/noamprag/.local/share/nvim/mason/packages/lua-language-server/libexec/meta/LuaJIT%20en-us%20utf8/jit/profile.lua
[15:41:17.075][info] [#0:script/workspace/loading.lua:101]: Preload file at: file:///Users/noamprag/.local/share/nvim/mason/packages/lua-language-server/libexec/meta/LuaJIT%20en-us%20utf8/coroutine.lua , size = 2.541 KB
[15:41:17.076][info] [#0:script/workspace/loading.lua:113]: ++++As library of:	file:///Users/noamprag/.local/share/nvim/mason/packages/lua-language-server/libexec/meta/LuaJIT%20en-us%20utf8/coroutine.lua
[15:41:17.076][info] [#0:script/workspace/loading.lua:98]: Skip loaded file: file:///Users/noamprag/.local/share/nvim/mason/packages/lua-language-server/libexec/meta/LuaJIT%20en-us%20utf8/coroutine.lua
[15:41:17.076][info] [#0:script/workspace/loading.lua:101]: Preload file at: file:///Users/noamprag/.local/share/nvim/mason/packages/lua-language-server/libexec/meta/LuaJIT%20en-us%20utf8/jit/util.lua , size = 1.984 KB
[15:41:17.078][info] [#0:script/workspace/loading.lua:113]: ++++As library of:	file:///Users/noamprag/.local/share/nvim/mason/packages/lua-language-server/libexec/meta/LuaJIT%20en-us%20utf8/jit/util.lua
[15:41:17.078][info] [#0:script/workspace/loading.lua:98]: Skip loaded file: file:///Users/noamprag/.local/share/nvim/mason/packages/lua-language-server/libexec/meta/LuaJIT%20en-us%20utf8/jit/util.lua
[15:41:17.078][info] [#0:script/workspace/loading.lua:101]: Preload file at: file:///Users/noamprag/.local/share/nvim/mason/packages/lua-language-server/libexec/meta/LuaJIT%20en-us%20utf8/table/new.lua , size = 0.642 KB
[15:41:17.078][info] [#0:script/workspace/loading.lua:113]: ++++As library of:	file:///Users/noamprag/.local/share/nvim/mason/packages/lua-language-server/libexec/meta/LuaJIT%20en-us%20utf8/table/new.lua
[15:41:17.078][info] [#0:script/workspace/loading.lua:98]: Skip loaded file: file:///Users/noamprag/.local/share/nvim/mason/packages/lua-language-server/libexec/meta/LuaJIT%20en-us%20utf8/table/new.lua
[15:41:17.078][info] [#0:script/workspace/loading.lua:101]: Preload file at: file:///Users/noamprag/.local/share/nvim/lazy/neoconf.nvim/types/lua/lspconfig.lua , size = 18.790 KB
[15:41:17.083][info] [#0:script/workspace/loading.lua:113]: ++++As library of:	file:///Users/noamprag/.local/share/nvim/lazy/neoconf.nvim/types/lua
[15:41:17.083][info] [#0:script/workspace/loading.lua:98]: Skip loaded file: file:///Users/noamprag/.local/share/nvim/lazy/neoconf.nvim/types/lua/lspconfig.lua
[15:41:17.083][info] [#0:script/workspace/loading.lua:101]: Preload file at: file:///Users/noamprag/.local/share/nvim/mason/packages/lua-language-server/libexec/meta/LuaJIT%20en-us%20utf8/bit.lua , size = 1.320 KB
[15:41:17.084][info] [#0:script/workspace/loading.lua:113]: ++++As library of:	file:///Users/noamprag/.local/share/nvim/mason/packages/lua-language-server/libexec/meta/LuaJIT%20en-us%20utf8/bit.lua
[15:41:17.084][info] [#0:script/workspace/loading.lua:98]: Skip loaded file: file:///Users/noamprag/.local/share/nvim/mason/packages/lua-language-server/libexec/meta/LuaJIT%20en-us%20utf8/bit.lua
[15:41:17.084][info] [#0:script/workspace/loading.lua:101]: Preload file at: file:///opt/homebrew/Cellar/neovim/0.9.5/share/nvim/runtime/lua/vim/loader.lua , size = 16.182 KB
[15:41:17.109][info] [#0:script/workspace/loading.lua:113]: ++++As library of:	file:///opt/homebrew/Cellar/neovim/0.9.5/share/nvim/runtime/lua
[15:41:17.109][info] [#0:script/workspace/loading.lua:98]: Skip loaded file: file:///opt/homebrew/Cellar/neovim/0.9.5/share/nvim/runtime/lua/vim/loader.lua
[15:41:17.109][info] [#0:script/workspace/loading.lua:101]: Preload file at: file:///opt/homebrew/Cellar/neovim/0.9.5/share/nvim/runtime/lua/vim/shared.lua , size = 22.292 KB
[15:41:17.116][info] [#0:script/workspace/loading.lua:113]: ++++As library of:	file:///opt/homebrew/Cellar/neovim/0.9.5/share/nvim/runtime/lua
[15:41:17.116][info] [#0:script/workspace/loading.lua:98]: Skip loaded file: file:///opt/homebrew/Cellar/neovim/0.9.5/share/nvim/runtime/lua/vim/shared.lua
[15:41:17.116][info] [#0:script/workspace/loading.lua:101]: Preload file at: file:///opt/homebrew/Cellar/neovim/0.9.5/share/nvim/runtime/lua/vim/diagnostic.lua , size = 56.640 KB
[15:41:17.131][info] [#0:script/workspace/loading.lua:113]: ++++As library of:	file:///opt/homebrew/Cellar/neovim/0.9.5/share/nvim/runtime/lua
[15:41:17.131][info] [#0:script/workspace/loading.lua:98]: Skip loaded file: file:///opt/homebrew/Cellar/neovim/0.9.5/share/nvim/runtime/lua/vim/diagnostic.lua
[15:41:17.131][info] [#0:script/workspace/loading.lua:101]: Preload file at: file:///opt/homebrew/Cellar/neovim/0.9.5/share/nvim/runtime/lua/vim/_inspector.lua , size = 7.915 KB
[15:41:17.133][info] [#0:script/workspace/loading.lua:113]: ++++As library of:	file:///opt/homebrew/Cellar/neovim/0.9.5/share/nvim/runtime/lua
[15:41:17.133][info] [#0:script/workspace/loading.lua:98]: Skip loaded file: file:///opt/homebrew/Cellar/neovim/0.9.5/share/nvim/runtime/lua/vim/_inspector.lua
[15:41:17.134][info] [#0:script/workspace/loading.lua:89]: Skip loaded file: file:///Users/noamprag/.local/share/nvim/lazy/alpha-nvim/lua/alpha.lua
[15:41:17.134][info] [#0:script/workspace/loading.lua:113]: ++++As library of:	file:///Users/noamprag/.local/share/nvim/lazy/alpha-nvim/lua
[15:41:17.134][info] [#0:script/workspace/loading.lua:89]: Skip loaded file: file:///Users/noamprag/.local/share/nvim/lazy/alpha-nvim/lua/alpha.lua
[15:41:17.134][info] [#0:script/workspace/loading.lua:113]: ++++As library of:	file:///Users/noamprag/.local/share/nvim/lazy/alpha-nvim/lua
[15:41:17.238][info] [#0:script/workspace/loading.lua:101]: Preload file at: file:///opt/homebrew/Cellar/neovim/0.9.5/share/nvim/runtime/lua/vim/treesitter/_meta.lua , size = 2.839 KB
[15:41:17.240][info] [#0:script/workspace/loading.lua:113]: ++++As library of:	file:///opt/homebrew/Cellar/neovim/0.9.5/share/nvim/runtime/lua
[15:41:17.240][info] [#0:script/workspace/loading.lua:98]: Skip loaded file: file:///opt/homebrew/Cellar/neovim/0.9.5/share/nvim/runtime/lua/vim/treesitter/_meta.lua
[15:41:17.240][info] [#0:script/workspace/loading.lua:101]: Preload file at: file:///opt/homebrew/Cellar/neovim/0.9.5/share/nvim/runtime/lua/vim/treesitter/_fold.lua , size = 8.770 KB
[15:41:17.245][info] [#0:script/workspace/loading.lua:113]: ++++As library of:	file:///opt/homebrew/Cellar/neovim/0.9.5/share/nvim/runtime/lua
[15:41:17.245][info] [#0:script/workspace/loading.lua:98]: Skip loaded file: file:///opt/homebrew/Cellar/neovim/0.9.5/share/nvim/runtime/lua/vim/treesitter/_fold.lua
[15:41:17.245][info] [#0:script/workspace/loading.lua:101]: Preload file at: file:///opt/homebrew/Cellar/neovim/0.9.5/share/nvim/runtime/lua/vim/treesitter/_range.lua , size = 3.646 KB
[15:41:17.248][info] [#0:script/workspace/loading.lua:113]: ++++As library of:	file:///opt/homebrew/Cellar/neovim/0.9.5/share/nvim/runtime/lua
[15:41:17.248][info] [#0:script/workspace/loading.lua:98]: Skip loaded file: file:///opt/homebrew/Cellar/neovim/0.9.5/share/nvim/runtime/lua/vim/treesitter/_range.lua
[15:41:17.248][info] [#0:script/workspace/loading.lua:101]: Preload file at: file:///opt/homebrew/Cellar/neovim/0.9.5/share/nvim/runtime/lua/vim/treesitter/health.lua , size = 0.888 KB
[15:41:17.249][info] [#0:script/workspace/loading.lua:113]: ++++As library of:	file:///opt/homebrew/Cellar/neovim/0.9.5/share/nvim/runtime/lua
[15:41:17.249][info] [#0:script/workspace/loading.lua:98]: Skip loaded file: file:///opt/homebrew/Cellar/neovim/0.9.5/share/nvim/runtime/lua/vim/treesitter/health.lua
[15:41:17.249][info] [#0:script/workspace/loading.lua:101]: Preload file at: file:///opt/homebrew/Cellar/neovim/0.9.5/share/nvim/runtime/lua/vim/treesitter/languagetree.lua , size = 27.667 KB
[15:41:17.261][info] [#0:script/workspace/loading.lua:113]: ++++As library of:	file:///opt/homebrew/Cellar/neovim/0.9.5/share/nvim/runtime/lua
[15:41:17.261][info] [#0:script/workspace/loading.lua:98]: Skip loaded file: file:///opt/homebrew/Cellar/neovim/0.9.5/share/nvim/runtime/lua/vim/treesitter/languagetree.lua
[15:41:17.261][info] [#0:script/workspace/loading.lua:101]: Preload file at: file:///opt/homebrew/Cellar/neovim/0.9.5/share/nvim/runtime/lua/vim/treesitter/playground.lua , size = 12.789 KB
[15:41:17.267][info] [#0:script/workspace/loading.lua:113]: ++++As library of:	file:///opt/homebrew/Cellar/neovim/0.9.5/share/nvim/runtime/lua
[15:41:17.267][info] [#0:script/workspace/loading.lua:98]: Skip loaded file: file:///opt/homebrew/Cellar/neovim/0.9.5/share/nvim/runtime/lua/vim/treesitter/playground.lua
[15:41:17.267][info] [#0:script/workspace/loading.lua:101]: Preload file at: file:///opt/homebrew/Cellar/neovim/0.9.5/share/nvim/runtime/lua/vim/treesitter/language.lua , size = 3.558 KB
[15:41:17.269][info] [#0:script/workspace/loading.lua:113]: ++++As library of:	file:///opt/homebrew/Cellar/neovim/0.9.5/share/nvim/runtime/lua
[15:41:17.270][info] [#0:script/workspace/loading.lua:98]: Skip loaded file: file:///opt/homebrew/Cellar/neovim/0.9.5/share/nvim/runtime/lua/vim/treesitter/language.lua
[15:41:17.270][info] [#0:script/workspace/loading.lua:101]: Preload file at: file:///opt/homebrew/Cellar/neovim/0.9.5/share/nvim/runtime/lua/vim/treesitter/query.lua , size = 21.253 KB
[15:41:17.277][info] [#0:script/workspace/loading.lua:113]: ++++As library of:	file:///opt/homebrew/Cellar/neovim/0.9.5/share/nvim/runtime/lua
[15:41:17.277][info] [#0:script/workspace/loading.lua:98]: Skip loaded file: file:///opt/homebrew/Cellar/neovim/0.9.5/share/nvim/runtime/lua/vim/treesitter/query.lua
[15:41:17.277][info] [#0:script/workspace/loading.lua:101]: Preload file at: file:///opt/homebrew/Cellar/neovim/0.9.5/share/nvim/runtime/lua/vim/treesitter/highlighter.lua , size = 8.781 KB
[15:41:17.281][info] [#0:script/workspace/loading.lua:113]: ++++As library of:	file:///opt/homebrew/Cellar/neovim/0.9.5/share/nvim/runtime/lua
[15:41:17.281][info] [#0:script/workspace/loading.lua:98]: Skip loaded file: file:///opt/homebrew/Cellar/neovim/0.9.5/share/nvim/runtime/lua/vim/treesitter/highlighter.lua
[15:41:17.281][info] [#0:script/workspace/loading.lua:101]: Preload file at: file:///opt/homebrew/Cellar/neovim/0.9.5/share/nvim/runtime/lua/vim/health.lua , size = 1.782 KB
[15:41:17.282][info] [#0:script/workspace/loading.lua:113]: ++++As library of:	file:///opt/homebrew/Cellar/neovim/0.9.5/share/nvim/runtime/lua
[15:41:17.282][info] [#0:script/workspace/loading.lua:98]: Skip loaded file: file:///opt/homebrew/Cellar/neovim/0.9.5/share/nvim/runtime/lua/vim/health.lua
[15:41:17.282][info] [#0:script/workspace/loading.lua:101]: Preload file at: file:///opt/homebrew/Cellar/neovim/0.9.5/share/nvim/runtime/lua/vim/keymap.lua , size = 3.573 KB
[15:41:17.283][info] [#0:script/workspace/loading.lua:113]: ++++As library of:	file:///opt/homebrew/Cellar/neovim/0.9.5/share/nvim/runtime/lua
[15:41:17.283][info] [#0:script/workspace/loading.lua:98]: Skip loaded file: file:///opt/homebrew/Cellar/neovim/0.9.5/share/nvim/runtime/lua/vim/keymap.lua
[15:41:17.283][info] [#0:script/workspace/loading.lua:101]: Preload file at: file:///opt/homebrew/Cellar/neovim/0.9.5/share/nvim/runtime/lua/vim/secure.lua , size = 4.830 KB
[15:41:17.285][info] [#0:script/workspace/loading.lua:113]: ++++As library of:	file:///opt/homebrew/Cellar/neovim/0.9.5/share/nvim/runtime/lua
[15:41:17.285][info] [#0:script/workspace/loading.lua:98]: Skip loaded file: file:///opt/homebrew/Cellar/neovim/0.9.5/share/nvim/runtime/lua/vim/secure.lua
[15:41:17.285][info] [#0:script/workspace/loading.lua:101]: Preload file at: file:///opt/homebrew/Cellar/neovim/0.9.5/share/nvim/runtime/lua/vim/_editor.lua , size = 29.378 KB
[15:41:17.294][info] [#0:script/workspace/loading.lua:113]: ++++As library of:	file:///opt/homebrew/Cellar/neovim/0.9.5/share/nvim/runtime/lua
[15:41:17.294][info] [#0:script/workspace/loading.lua:98]: Skip loaded file: file:///opt/homebrew/Cellar/neovim/0.9.5/share/nvim/runtime/lua/vim/_editor.lua
[15:41:17.294][info] [#0:script/workspace/loading.lua:101]: Preload file at: file:///opt/homebrew/Cellar/neovim/0.9.5/share/nvim/runtime/lua/vim/highlight.lua , size = 3.749 KB
[15:41:17.295][info] [#0:script/workspace/loading.lua:113]: ++++As library of:	file:///opt/homebrew/Cellar/neovim/0.9.5/share/nvim/runtime/lua
[15:41:17.295][info] [#0:script/workspace/loading.lua:98]: Skip loaded file: file:///opt/homebrew/Cellar/neovim/0.9.5/share/nvim/runtime/lua/vim/highlight.lua
[15:41:17.295][info] [#0:script/workspace/loading.lua:101]: Preload file at: file:///opt/homebrew/Cellar/neovim/0.9.5/share/nvim/runtime/lua/vim/lsp/diagnostic.lua , size = 8.867 KB
[15:41:17.298][info] [#0:script/workspace/loading.lua:113]: ++++As library of:	file:///opt/homebrew/Cellar/neovim/0.9.5/share/nvim/runtime/lua
[15:41:17.298][info] [#0:script/workspace/loading.lua:98]: Skip loaded file: file:///opt/homebrew/Cellar/neovim/0.9.5/share/nvim/runtime/lua/vim/lsp/diagnostic.lua
[15:41:17.298][info] [#0:script/workspace/loading.lua:101]: Preload file at: file:///opt/homebrew/Cellar/neovim/0.9.5/share/nvim/runtime/lua/vim/lsp/protocol.lua , size = 28.367 KB
[15:41:17.302][info] [#0:script/workspace/loading.lua:113]: ++++As library of:	file:///opt/homebrew/Cellar/neovim/0.9.5/share/nvim/runtime/lua
[15:41:17.302][info] [#0:script/workspace/loading.lua:98]: Skip loaded file: file:///opt/homebrew/Cellar/neovim/0.9.5/share/nvim/runtime/lua/vim/lsp/protocol.lua
[15:41:17.302][info] [#0:script/workspace/loading.lua:101]: Preload file at: file:///opt/homebrew/Cellar/neovim/0.9.5/share/nvim/runtime/lua/vim/lsp/health.lua , size = 1.240 KB
[15:41:17.303][info] [#0:script/workspace/loading.lua:113]: ++++As library of:	file:///opt/homebrew/Cellar/neovim/0.9.5/share/nvim/runtime/lua
[15:41:17.303][info] [#0:script/workspace/loading.lua:98]: Skip loaded file: file:///opt/homebrew/Cellar/neovim/0.9.5/share/nvim/runtime/lua/vim/lsp/health.lua
[15:41:17.303][info] [#0:script/workspace/loading.lua:101]: Preload file at: file:///opt/homebrew/Cellar/neovim/0.9.5/share/nvim/runtime/lua/vim/lsp/codelens.lua , size = 8.554 KB
[15:41:17.305][info] [#0:script/workspace/loading.lua:113]: ++++As library of:	file:///opt/homebrew/Cellar/neovim/0.9.5/share/nvim/runtime/lua
[15:41:17.305][info] [#0:script/workspace/loading.lua:98]: Skip loaded file: file:///opt/homebrew/Cellar/neovim/0.9.5/share/nvim/runtime/lua/vim/lsp/codelens.lua
[15:41:17.305][info] [#0:script/workspace/loading.lua:101]: Preload file at: file:///opt/homebrew/Cellar/neovim/0.9.5/share/nvim/runtime/lua/vim/lsp/_watchfiles.lua , size = 9.692 KB
[15:41:17.308][info] [#0:script/workspace/loading.lua:113]: ++++As library of:	file:///opt/homebrew/Cellar/neovim/0.9.5/share/nvim/runtime/lua
[15:41:17.308][info] [#0:script/workspace/loading.lua:98]: Skip loaded file: file:///opt/homebrew/Cellar/neovim/0.9.5/share/nvim/runtime/lua/vim/lsp/_watchfiles.lua
[15:41:17.308][info] [#0:script/workspace/loading.lua:101]: Preload file at: file:///opt/homebrew/Cellar/neovim/0.9.5/share/nvim/runtime/lua/vim/lsp/sync.lua , size = 15.681 KB
[15:41:17.311][info] [#0:script/workspace/loading.lua:113]: ++++As library of:	file:///opt/homebrew/Cellar/neovim/0.9.5/share/nvim/runtime/lua
[15:41:17.311][info] [#0:script/workspace/loading.lua:98]: Skip loaded file: file:///opt/homebrew/Cellar/neovim/0.9.5/share/nvim/runtime/lua/vim/lsp/sync.lua
[15:41:17.311][info] [#0:script/workspace/loading.lua:101]: Preload file at: file:///opt/homebrew/Cellar/neovim/0.9.5/share/nvim/runtime/lua/vim/lsp/log.lua , size = 5.151 KB
[15:41:17.313][info] [#0:script/workspace/loading.lua:113]: ++++As library of:	file:///opt/homebrew/Cellar/neovim/0.9.5/share/nvim/runtime/lua
[15:41:17.313][info] [#0:script/workspace/loading.lua:98]: Skip loaded file: file:///opt/homebrew/Cellar/neovim/0.9.5/share/nvim/runtime/lua/vim/lsp/log.lua
[15:41:17.313][info] [#0:script/workspace/loading.lua:101]: Preload file at: file:///opt/homebrew/Cellar/neovim/0.9.5/share/nvim/runtime/lua/vim/lsp/types.lua , size = 0.924 KB
[15:41:17.314][info] [#0:script/workspace/loading.lua:113]: ++++As library of:	file:///opt/homebrew/Cellar/neovim/0.9.5/share/nvim/runtime/lua
[15:41:17.314][info] [#0:script/workspace/loading.lua:98]: Skip loaded file: file:///opt/homebrew/Cellar/neovim/0.9.5/share/nvim/runtime/lua/vim/lsp/types.lua
[15:41:17.314][info] [#0:script/workspace/loading.lua:101]: Preload file at: file:///opt/homebrew/Cellar/neovim/0.9.5/share/nvim/runtime/lua/vim/lsp/util.lua , size = 70.797 KB
[15:41:17.332][info] [#0:script/workspace/loading.lua:113]: ++++As library of:	file:///opt/homebrew/Cellar/neovim/0.9.5/share/nvim/runtime/lua
[15:41:17.332][info] [#0:script/workspace/loading.lua:98]: Skip loaded file: file:///opt/homebrew/Cellar/neovim/0.9.5/share/nvim/runtime/lua/vim/lsp/util.lua
[15:41:17.332][info] [#0:script/workspace/loading.lua:101]: Preload file at: file:///opt/homebrew/Cellar/neovim/0.9.5/share/nvim/runtime/lua/vim/lsp/buf.lua , size = 27.969 KB
[15:41:17.338][info] [#0:script/workspace/loading.lua:113]: ++++As library of:	file:///opt/homebrew/Cellar/neovim/0.9.5/share/nvim/runtime/lua
[15:41:17.338][info] [#0:script/workspace/loading.lua:98]: Skip loaded file: file:///opt/homebrew/Cellar/neovim/0.9.5/share/nvim/runtime/lua/vim/lsp/buf.lua
[15:41:17.339][info] [#0:script/workspace/loading.lua:101]: Preload file at: file:///opt/homebrew/Cellar/neovim/0.9.5/share/nvim/runtime/lua/vim/lsp/_snippet.lua , size = 10.744 KB
[15:41:17.343][info] [#0:script/workspace/loading.lua:113]: ++++As library of:	file:///opt/homebrew/Cellar/neovim/0.9.5/share/nvim/runtime/lua
[15:41:17.343][info] [#0:script/workspace/loading.lua:98]: Skip loaded file: file:///opt/homebrew/Cellar/neovim/0.9.5/share/nvim/runtime/lua/vim/lsp/_snippet.lua
[15:41:17.343][info] [#0:script/workspace/loading.lua:101]: Preload file at: file:///opt/homebrew/Cellar/neovim/0.9.5/share/nvim/runtime/lua/vim/lsp/handlers.lua , size = 23.587 KB
[15:41:17.348][info] [#0:script/workspace/loading.lua:113]: ++++As library of:	file:///opt/homebrew/Cellar/neovim/0.9.5/share/nvim/runtime/lua
[15:41:17.349][info] [#0:script/workspace/loading.lua:98]: Skip loaded file: file:///opt/homebrew/Cellar/neovim/0.9.5/share/nvim/runtime/lua/vim/lsp/handlers.lua
[15:41:17.349][info] [#0:script/workspace/loading.lua:101]: Preload file at: file:///opt/homebrew/Cellar/neovim/0.9.5/share/nvim/runtime/lua/vim/lsp/rpc.lua , size = 23.695 KB
[15:41:17.356][info] [#0:script/workspace/loading.lua:113]: ++++As library of:	file:///opt/homebrew/Cellar/neovim/0.9.5/share/nvim/runtime/lua
[15:41:17.356][info] [#0:script/workspace/loading.lua:98]: Skip loaded file: file:///opt/homebrew/Cellar/neovim/0.9.5/share/nvim/runtime/lua/vim/lsp/rpc.lua
[15:41:17.356][info] [#0:script/workspace/loading.lua:101]: Preload file at: file:///opt/homebrew/Cellar/neovim/0.9.5/share/nvim/runtime/lua/vim/lsp/semantic_tokens.lua , size = 25.936 KB
[15:41:17.363][info] [#0:script/workspace/loading.lua:113]: ++++As library of:	file:///opt/homebrew/Cellar/neovim/0.9.5/share/nvim/runtime/lua
[15:41:17.363][info] [#0:script/workspace/loading.lua:98]: Skip loaded file: file:///opt/homebrew/Cellar/neovim/0.9.5/share/nvim/runtime/lua/vim/lsp/semantic_tokens.lua
[15:41:17.363][info] [#0:script/workspace/loading.lua:101]: Preload file at: file:///opt/homebrew/Cellar/neovim/0.9.5/share/nvim/runtime/lua/vim/lsp/tagfunc.lua , size = 2.339 KB
[15:41:17.364][info] [#0:script/workspace/loading.lua:113]: ++++As library of:	file:///opt/homebrew/Cellar/neovim/0.9.5/share/nvim/runtime/lua
[15:41:17.364][info] [#0:script/workspace/loading.lua:98]: Skip loaded file: file:///opt/homebrew/Cellar/neovim/0.9.5/share/nvim/runtime/lua/vim/lsp/tagfunc.lua
[15:41:17.364][info] [#0:script/workspace/loading.lua:101]: Preload file at: file:///opt/homebrew/Cellar/neovim/0.9.5/share/nvim/runtime/lua/vim/fs.lua , size = 10.702 KB
[15:41:17.367][info] [#0:script/workspace/loading.lua:113]: ++++As library of:	file:///opt/homebrew/Cellar/neovim/0.9.5/share/nvim/runtime/lua
[15:41:17.367][info] [#0:script/workspace/loading.lua:98]: Skip loaded file: file:///opt/homebrew/Cellar/neovim/0.9.5/share/nvim/runtime/lua/vim/fs.lua
[15:41:17.367][info] [#0:script/workspace/loading.lua:101]: Preload file at: file:///opt/homebrew/Cellar/neovim/0.9.5/share/nvim/runtime/lua/vim/inspect.lua , size = 8.864 KB
[15:41:17.370][info] [#0:script/workspace/loading.lua:113]: ++++As library of:	file:///opt/homebrew/Cellar/neovim/0.9.5/share/nvim/runtime/lua
[15:41:17.370][info] [#0:script/workspace/loading.lua:98]: Skip loaded file: file:///opt/homebrew/Cellar/neovim/0.9.5/share/nvim/runtime/lua/vim/inspect.lua
[15:41:17.370][info] [#0:script/workspace/loading.lua:101]: Preload file at: file:///opt/homebrew/Cellar/neovim/0.9.5/share/nvim/runtime/lua/vim/lsp.lua , size = 82.377 KB
[15:41:17.389][info] [#0:script/workspace/loading.lua:113]: ++++As library of:	file:///opt/homebrew/Cellar/neovim/0.9.5/share/nvim/runtime/lua
[15:41:17.389][info] [#0:script/workspace/loading.lua:98]: Skip loaded file: file:///opt/homebrew/Cellar/neovim/0.9.5/share/nvim/runtime/lua/vim/lsp.lua
[15:41:17.389][info] [#0:script/workspace/loading.lua:101]: Preload file at: file:///opt/homebrew/Cellar/neovim/0.9.5/share/nvim/runtime/lua/vim/filetype/detect.lua , size = 47.659 KB
[15:41:17.403][info] [#0:script/workspace/loading.lua:113]: ++++As library of:	file:///opt/homebrew/Cellar/neovim/0.9.5/share/nvim/runtime/lua
[15:41:17.403][info] [#0:script/workspace/loading.lua:98]: Skip loaded file: file:///opt/homebrew/Cellar/neovim/0.9.5/share/nvim/runtime/lua/vim/filetype/detect.lua
[15:41:17.403][info] [#0:script/workspace/loading.lua:101]: Preload file at: file:///opt/homebrew/Cellar/neovim/0.9.5/share/nvim/runtime/lua/vim/filetype/options.lua , size = 2.561 KB
[15:41:17.404][info] [#0:script/workspace/loading.lua:113]: ++++As library of:	file:///opt/homebrew/Cellar/neovim/0.9.5/share/nvim/runtime/lua
[15:41:17.404][info] [#0:script/workspace/loading.lua:98]: Skip loaded file: file:///opt/homebrew/Cellar/neovim/0.9.5/share/nvim/runtime/lua/vim/filetype/options.lua
[15:41:17.404][info] [#0:script/workspace/loading.lua:101]: Preload file at: file:///opt/homebrew/Cellar/neovim/0.9.5/share/nvim/runtime/lua/vim/_options.lua , size = 12.261 KB
[15:41:17.408][info] [#0:script/workspace/loading.lua:113]: ++++As library of:	file:///opt/homebrew/Cellar/neovim/0.9.5/share/nvim/runtime/lua
[15:41:17.408][info] [#0:script/workspace/loading.lua:98]: Skip loaded file: file:///opt/homebrew/Cellar/neovim/0.9.5/share/nvim/runtime/lua/vim/_options.lua
[15:41:17.408][info] [#0:script/workspace/loading.lua:101]: Preload file at: file:///opt/homebrew/Cellar/neovim/0.9.5/share/nvim/runtime/lua/vim/version.lua , size = 12.146 KB
[15:41:17.412][info] [#0:script/workspace/loading.lua:113]: ++++As library of:	file:///opt/homebrew/Cellar/neovim/0.9.5/share/nvim/runtime/lua
[15:41:17.412][info] [#0:script/workspace/loading.lua:98]: Skip loaded file: file:///opt/homebrew/Cellar/neovim/0.9.5/share/nvim/runtime/lua/vim/version.lua
[15:41:17.412][info] [#0:script/workspace/loading.lua:101]: Preload file at: file:///opt/homebrew/Cellar/neovim/0.9.5/share/nvim/runtime/lua/vim/uri.lua , size = 3.376 KB
[15:41:17.413][info] [#0:script/workspace/loading.lua:113]: ++++As library of:	file:///opt/homebrew/Cellar/neovim/0.9.5/share/nvim/runtime/lua
[15:41:17.413][info] [#0:script/workspace/loading.lua:98]: Skip loaded file: file:///opt/homebrew/Cellar/neovim/0.9.5/share/nvim/runtime/lua/vim/uri.lua
[15:41:17.413][info] [#0:script/workspace/loading.lua:101]: Preload file at: file:///opt/homebrew/Cellar/neovim/0.9.5/share/nvim/runtime/lua/vim/treesitter.lua , size = 15.316 KB
[15:41:17.418][info] [#0:script/workspace/loading.lua:113]: ++++As library of:	file:///opt/homebrew/Cellar/neovim/0.9.5/share/nvim/runtime/lua
[15:41:17.418][info] [#0:script/workspace/loading.lua:98]: Skip loaded file: file:///opt/homebrew/Cellar/neovim/0.9.5/share/nvim/runtime/lua/vim/treesitter.lua
[15:41:17.418][info] [#0:script/workspace/loading.lua:101]: Preload file at: file:///opt/homebrew/Cellar/neovim/0.9.5/share/nvim/runtime/lua/vim/ui.lua , size = 3.672 KB
[15:41:17.419][info] [#0:script/workspace/loading.lua:113]: ++++As library of:	file:///opt/homebrew/Cellar/neovim/0.9.5/share/nvim/runtime/lua
[15:41:17.419][info] [#0:script/workspace/loading.lua:98]: Skip loaded file: file:///opt/homebrew/Cellar/neovim/0.9.5/share/nvim/runtime/lua/vim/ui.lua
[15:41:17.419][info] [#0:script/workspace/loading.lua:101]: Preload file at: file:///opt/homebrew/Cellar/neovim/0.9.5/share/nvim/runtime/lua/vim/_init_packages.lua , size = 2.773 KB
[15:41:17.420][info] [#0:script/workspace/loading.lua:113]: ++++As library of:	file:///opt/homebrew/Cellar/neovim/0.9.5/share/nvim/runtime/lua
[15:41:17.420][info] [#0:script/workspace/loading.lua:98]: Skip loaded file: file:///opt/homebrew/Cellar/neovim/0.9.5/share/nvim/runtime/lua/vim/_init_packages.lua
[15:41:17.420][info] [#0:script/workspace/loading.lua:101]: Preload file at: file:///opt/homebrew/Cellar/neovim/0.9.5/share/nvim/runtime/lua/vim/filetype.lua , size = 74.400 KB
[15:41:17.466][info] [#0:script/workspace/loading.lua:113]: ++++As library of:	file:///opt/homebrew/Cellar/neovim/0.9.5/share/nvim/runtime/lua
[15:41:17.466][info] [#0:script/workspace/loading.lua:98]: Skip loaded file: file:///opt/homebrew/Cellar/neovim/0.9.5/share/nvim/runtime/lua/vim/filetype.lua
[15:41:17.466][info] [#0:script/workspace/loading.lua:101]: Preload file at: file:///opt/homebrew/Cellar/neovim/0.9.5/share/nvim/runtime/lua/vim/_watch.lua , size = 5.387 KB
[15:41:17.468][info] [#0:script/workspace/loading.lua:113]: ++++As library of:	file:///opt/homebrew/Cellar/neovim/0.9.5/share/nvim/runtime/lua
[15:41:17.468][info] [#0:script/workspace/loading.lua:98]: Skip loaded file: file:///opt/homebrew/Cellar/neovim/0.9.5/share/nvim/runtime/lua/vim/_watch.lua
[15:41:17.468][info] [#0:script/workspace/loading.lua:101]: Preload file at: file:///opt/homebrew/Cellar/neovim/0.9.5/share/nvim/runtime/lua/vim/F.lua , size = 0.824 KB
[15:41:17.468][info] [#0:script/workspace/loading.lua:113]: ++++As library of:	file:///opt/homebrew/Cellar/neovim/0.9.5/share/nvim/runtime/lua
[15:41:17.468][info] [#0:script/workspace/loading.lua:98]: Skip loaded file: file:///opt/homebrew/Cellar/neovim/0.9.5/share/nvim/runtime/lua/vim/F.lua
[15:41:17.468][info] [#0:script/workspace/loading.lua:101]: Preload file at: file:///opt/homebrew/Cellar/neovim/0.9.5/share/nvim/runtime/lua/nvim/health.lua , size = 12.706 KB
[15:41:17.472][info] [#0:script/workspace/loading.lua:113]: ++++As library of:	file:///opt/homebrew/Cellar/neovim/0.9.5/share/nvim/runtime/lua
[15:41:17.472][info] [#0:script/workspace/loading.lua:98]: Skip loaded file: file:///opt/homebrew/Cellar/neovim/0.9.5/share/nvim/runtime/lua/nvim/health.lua
[15:41:17.472][info] [#0:script/workspace/loading.lua:101]: Preload file at: file:///opt/homebrew/Cellar/neovim/0.9.5/share/nvim/runtime/lua/man.lua , size = 25.082 KB
[15:41:17.481][info] [#0:script/workspace/loading.lua:113]: ++++As library of:	file:///opt/homebrew/Cellar/neovim/0.9.5/share/nvim/runtime/lua
[15:41:17.481][info] [#0:script/workspace/loading.lua:98]: Skip loaded file: file:///opt/homebrew/Cellar/neovim/0.9.5/share/nvim/runtime/lua/man.lua
[15:41:17.481][info] [#0:script/workspace/loading.lua:101]: Preload file at: file:///opt/homebrew/Cellar/neovim/0.9.5/share/nvim/runtime/lua/_vim9script.lua , size = 15.439 KB
[15:41:17.486][info] [#0:script/workspace/loading.lua:113]: ++++As library of:	file:///opt/homebrew/Cellar/neovim/0.9.5/share/nvim/runtime/lua
[15:41:17.486][info] [#0:script/workspace/loading.lua:98]: Skip loaded file: file:///opt/homebrew/Cellar/neovim/0.9.5/share/nvim/runtime/lua/_vim9script.lua
[15:41:17.486][info] [#0:script/workspace/loading.lua:101]: Preload file at: file:///opt/homebrew/Cellar/neovim/0.9.5/share/nvim/runtime/lua/editorconfig.lua , size = 7.479 KB
[15:41:17.489][info] [#0:script/workspace/loading.lua:113]: ++++As library of:	file:///opt/homebrew/Cellar/neovim/0.9.5/share/nvim/runtime/lua
[15:41:17.489][info] [#0:script/workspace/loading.lua:98]: Skip loaded file: file:///opt/homebrew/Cellar/neovim/0.9.5/share/nvim/runtime/lua/editorconfig.lua
[15:41:17.489][info] [#0:script/workspace/loading.lua:101]: Preload file at: file:///Users/noamprag/.local/share/nvim/lazy/alpha-nvim/lua/alpha/fortune.lua , size = 25.590 KB
[15:41:17.492][info] [#0:script/workspace/loading.lua:113]: ++++As library of:	file:///Users/noamprag/.local/share/nvim/lazy/alpha-nvim/lua
[15:41:17.492][info] [#0:script/workspace/loading.lua:98]: Skip loaded file: file:///Users/noamprag/.local/share/nvim/lazy/alpha-nvim/lua/alpha/fortune.lua
[15:41:17.492][info] [#0:script/workspace/loading.lua:101]: Preload file at: file:///Users/noamprag/.local/share/nvim/lazy/alpha-nvim/lua/alpha/term.lua , size = 2.753 KB
[15:41:17.493][info] [#0:script/workspace/loading.lua:113]: ++++As library of:	file:///Users/noamprag/.local/share/nvim/lazy/alpha-nvim/lua
[15:41:17.493][info] [#0:script/workspace/loading.lua:98]: Skip loaded file: file:///Users/noamprag/.local/share/nvim/lazy/alpha-nvim/lua/alpha/term.lua
[15:41:17.493][info] [#0:script/workspace/loading.lua:101]: Preload file at: file:///Users/noamprag/.local/share/nvim/lazy/alpha-nvim/lua/alpha/themes/dashboard.lua , size = 2.701 KB
[15:41:17.493][info] [#0:script/workspace/loading.lua:113]: ++++As library of:	file:///Users/noamprag/.local/share/nvim/lazy/alpha-nvim/lua
[15:41:17.493][info] [#0:script/workspace/loading.lua:98]: Skip loaded file: file:///Users/noamprag/.local/share/nvim/lazy/alpha-nvim/lua/alpha/themes/dashboard.lua
[15:41:17.493][info] [#0:script/workspace/loading.lua:101]: Preload file at: file:///Users/noamprag/.local/share/nvim/lazy/alpha-nvim/lua/alpha/themes/startify.lua , size = 7.068 KB
[15:41:17.496][info] [#0:script/workspace/loading.lua:113]: ++++As library of:	file:///Users/noamprag/.local/share/nvim/lazy/alpha-nvim/lua
[15:41:17.496][info] [#0:script/workspace/loading.lua:98]: Skip loaded file: file:///Users/noamprag/.local/share/nvim/lazy/alpha-nvim/lua/alpha/themes/startify.lua
[15:41:17.496][info] [#0:script/workspace/loading.lua:101]: Preload file at: file:///Users/noamprag/.local/share/nvim/lazy/alpha-nvim/lua/alpha/themes/theta.lua , size = 5.796 KB
[15:41:17.497][info] [#0:script/workspace/loading.lua:113]: ++++As library of:	file:///Users/noamprag/.local/share/nvim/lazy/alpha-nvim/lua
[15:41:17.497][info] [#0:script/workspace/loading.lua:98]: Skip loaded file: file:///Users/noamprag/.local/share/nvim/lazy/alpha-nvim/lua/alpha/themes/theta.lua
[15:41:17.497][info] [#0:script/workspace/loading.lua:101]: Preload file at: file:///Users/noamprag/.local/share/nvim/mason/packages/lua-language-server/libexec/meta/LuaJIT%20en-us%20utf8/io.lua , size = 6.364 KB
[15:41:17.499][info] [#0:script/workspace/loading.lua:113]: ++++As library of:	file:///Users/noamprag/.local/share/nvim/mason/packages/lua-language-server/libexec/meta/LuaJIT%20en-us%20utf8/io.lua
[15:41:17.499][info] [#0:script/workspace/loading.lua:98]: Skip loaded file: file:///Users/noamprag/.local/share/nvim/mason/packages/lua-language-server/libexec/meta/LuaJIT%20en-us%20utf8/io.lua
[15:41:17.499][info] [#0:script/workspace/loading.lua:101]: Preload file at: file:///Users/noamprag/.local/share/nvim/mason/packages/lua-language-server/libexec/meta/LuaJIT%20en-us%20utf8/table.lua , size = 4.230 KB
[15:41:17.501][info] [#0:script/workspace/loading.lua:113]: ++++As library of:	file:///Users/noamprag/.local/share/nvim/mason/packages/lua-language-server/libexec/meta/LuaJIT%20en-us%20utf8/table.lua
[15:41:17.501][info] [#0:script/workspace/loading.lua:98]: Skip loaded file: file:///Users/noamprag/.local/share/nvim/mason/packages/lua-language-server/libexec/meta/LuaJIT%20en-us%20utf8/table.lua
[15:41:17.501][info] [#0:script/workspace/loading.lua:101]: Preload file at: file:///Users/noamprag/.local/share/nvim/mason/packages/lua-language-server/libexec/meta/LuaJIT%20en-us%20utf8/jit.lua , size = 0.884 KB
[15:41:17.501][info] [#0:script/workspace/loading.lua:113]: ++++As library of:	file:///Users/noamprag/.local/share/nvim/mason/packages/lua-language-server/libexec/meta/LuaJIT%20en-us%20utf8/jit.lua
[15:41:17.501][info] [#0:script/workspace/loading.lua:98]: Skip loaded file: file:///Users/noamprag/.local/share/nvim/mason/packages/lua-language-server/libexec/meta/LuaJIT%20en-us%20utf8/jit.lua
[15:41:17.501][info] [#0:script/workspace/loading.lua:101]: Preload file at: file:///Users/noamprag/.local/share/nvim/mason/packages/lua-language-server/libexec/meta/LuaJIT%20en-us%20utf8/basic.lua , size = 14.989 KB
[15:41:17.505][info] [#0:script/workspace/loading.lua:113]: ++++As library of:	file:///Users/noamprag/.local/share/nvim/mason/packages/lua-language-server/libexec/meta/LuaJIT%20en-us%20utf8/basic.lua
[15:41:17.505][info] [#0:script/workspace/loading.lua:98]: Skip loaded file: file:///Users/noamprag/.local/share/nvim/mason/packages/lua-language-server/libexec/meta/LuaJIT%20en-us%20utf8/basic.lua
[15:41:17.505][info] [#0:script/workspace/loading.lua:101]: Preload file at: file:///Users/noamprag/.local/share/nvim/mason/packages/lua-language-server/libexec/meta/LuaJIT%20en-us%20utf8/math.lua , size = 7.949 KB
[15:41:17.508][info] [#0:script/workspace/loading.lua:113]: ++++As library of:	file:///Users/noamprag/.local/share/nvim/mason/packages/lua-language-server/libexec/meta/LuaJIT%20en-us%20utf8/math.lua
[15:41:17.508][info] [#0:script/workspace/loading.lua:98]: Skip loaded file: file:///Users/noamprag/.local/share/nvim/mason/packages/lua-language-server/libexec/meta/LuaJIT%20en-us%20utf8/math.lua
[15:41:17.508][info] [#0:script/workspace/loading.lua:101]: Preload file at: file:///Users/noamprag/.local/share/nvim/lazy/alpha-nvim/debug/min-alpha-dashboard.lua , size = 0.127 KB
[15:41:17.508][info] [#0:script/workspace/loading.lua:101]: Preload file at: file:///Users/noamprag/.local/share/nvim/lazy/alpha-nvim/debug/min-alpha-startify.lua , size = 0.181 KB
[15:41:17.613][info] [#0:script/workspace/loading.lua:173]: Loaded files takes [0.755] sec: <fallback>
[15:41:17.613][info] [#0:script/workspace/loading.lua:182]: Compile files takes [0.000] sec: <fallback>
[15:41:17.613][info] [#0:script/workspace/loading.lua:183]: Loaded finish:	<fallback>
[15:41:17.614][info] [#0:script/workspace/workspace.lua:381]: Preload finish at:	<fallback>
[15:41:17.623][info] [#0:script/workspace/loading.lua:173]: Loaded files takes [0.764] sec: file:///Users/noamprag/.local/share/nvim/lazy/alpha-nvim
[15:41:17.623][info] [#0:script/workspace/loading.lua:182]: Compile files takes [0.000] sec: file:///Users/noamprag/.local/share/nvim/lazy/alpha-nvim
[15:41:17.623][info] [#0:script/workspace/loading.lua:183]: Loaded finish:	file:///Users/noamprag/.local/share/nvim/lazy/alpha-nvim
[15:41:17.623][info] [#0:script/workspace/workspace.lua:381]: Preload finish at:	file:///Users/noamprag/.local/share/nvim/lazy/alpha-nvim
[15:41:17.644][warn] [#0:script/proto/proto.lua:190]: Method [textDocument/didOpen] takes [0.834]sec. {
  jsonrpc = "2.0",
  method = "textDocument/didOpen",
  params = {
    textDocument = {
      languageId = "lua",
      text = '"***"',
      uri = "file:///Users/noamprag/.local/share/nvim/lazy/alpha-nvim/lua/alpha.lua",
      version = 0
    }
  }
}
[15:41:17.654][info] [#0:script/provider/diagnostic.lua:557]: Diagnostics scope [file:///Users/noamprag/.local/share/nvim/lazy/alpha-nvim], files count:[91]
[15:41:17.655][warn] [#0:script/proto/proto.lua:190]: Method [textDocument/documentHighlight] takes [0.806]sec. {
  id = 10,
  jsonrpc = "2.0",
  method = "textDocument/documentHighlight",
  params = {
    position = {
      character = 0,
      line = 745
    },
    textDocument = {
      uri = "file:///Users/noamprag/.local/share/nvim/lazy/alpha-nvim/lua/alpha.lua"
    }
  }
}
[15:41:17.723][warn] [#0:script/proto/proto.lua:190]: Method [textDocument/semanticTokens/full] takes [0.883]sec. {
  id = 9,
  jsonrpc = "2.0",
  method = "textDocument/semanticTokens/full",
  params = {
    textDocument = {
      uri = "file:///Users/noamprag/.local/share/nvim/lazy/alpha-nvim/lua/alpha.lua"
    }
  }
}
[15:41:17.743][warn] [#0:script/proto/proto.lua:190]: Method [textDocument/foldingRange] takes [0.929]sec. {
  id = 5,
  jsonrpc = "2.0",
  method = "textDocument/foldingRange",
  params = {
    textDocument = {
      uri = "file:///Users/noamprag/.local/share/nvim/lazy/alpha-nvim/lua/alpha.lua"
    }
  }
}
[15:41:17.751][warn] [#0:script/proto/proto.lua:190]: Method [textDocument/documentSymbol] takes [0.938]sec. {
  id = 3,
  jsonrpc = "2.0",
  method = "textDocument/documentSymbol",
  params = {
    textDocument = {
      uri = "file:///Users/noamprag/.local/share/nvim/lazy/alpha-nvim/lua/alpha.lua"
    }
  }
}
[15:41:17.824][info] [#0:script/provider/diagnostic.lua:574]: Diagnostics scope [file:///Users/noamprag/.local/share/nvim/lazy/alpha-nvim] finished, takes [0.166] sec.
[15:41:23.092][info] [#0:script/provider/diagnostic.lua:171]: clearDiagnostics	file:///Users/noamprag/.local/share/nvim/lazy/alpha-nvim/lua/alpha.lua
[15:51:16.554][info] [#0:script/service/service.lua:144]: 
========= Medical Examination Report =========
    --------------- Memory ---------------
        Total: 127.104 MB
        # 00 : 125.827 MB
        # 01 : 0.053 MB
        # 02 : 0.586 MB
        # 03 : 0.586 MB
        # 04 : 0.053 MB
    --------------- Coroutine ---------------
        Total:     77
        Running:   0
        Suspended: 0
        Normal:    0
        Dead:      77
    --------------- Cache ---------------
        Total: 1
        Dead:  0
    ---------------  RPC  ---------------
        Holdon:   0
        Waiting:  0
==============================================
[16:01:17.010][info] [#0:script/service/service.lua:144]: 
========= Medical Examination Report =========
    --------------- Memory ---------------
        Total: 128.027 MB
        # 00 : 126.751 MB
        # 01 : 0.053 MB
        # 02 : 0.586 MB
        # 03 : 0.586 MB
        # 04 : 0.053 MB
    --------------- Coroutine ---------------
        Total:     77
        Running:   0
        Suspended: 0
        Normal:    0
        Dead:      77
    --------------- Cache ---------------
        Total: 1
        Dead:  0
    ---------------  RPC  ---------------
        Holdon:   0
        Waiting:  0
==============================================
[16:03:09.897][info] [#0:script/provider/provider.lua:169]: Server shutdown.
[16:03:10.000][info] [#0:script/provider/provider.lua:162]: Server exited.
